Build started 11/10/2014 11:07:39 PM.
     1>Project "C:\Users\LaurenHPL\Documents\Visual Studio 2013\Projects\chip8\chip8emu\chip8emu\chip8emu.vcxproj" on node 2 (Build target(s)).
     1>ClCompile:
         C:\Program Files (x86)\Microsoft Visual Studio 12.0\VC\bin\CL.exe /c /ZI /nologo /W3 /WX- /Od /Oy- /D WIN32 /D _DEBUG /D _CONSOLE /D _LIB /D _UNICODE /D UNICODE /Gm /EHsc /RTC1 /MDd /GS /fp:precise /Zc:wchar_t /Zc:forScope /Fo"Debug\\" /Fd"Debug\vc120.pdb" /Gd /TP /analyze- /errorReport:prompt chip8emu.cpp myCPU.cpp Stack.cpp stdafx.cpp
         Stack.cpp
         myCPU.cpp
         chip8emu.cpp
         Generating Code...
         Compiling...
         stdafx.cpp
         Generating Code...
       Link:
         C:\Program Files (x86)\Microsoft Visual Studio 12.0\VC\bin\link.exe /ERRORREPORT:PROMPT /OUT:"C:\Users\LaurenHPL\Documents\Visual Studio 2013\Projects\chip8\chip8emu\Debug\chip8emu.exe" /INCREMENTAL /NOLOGO kernel32.lib user32.lib gdi32.lib winspool.lib comdlg32.lib advapi32.lib shell32.lib ole32.lib oleaut32.lib uuid.lib odbc32.lib odbccp32.lib /MANIFEST /MANIFESTUAC:"level='asInvoker' uiAccess='false'" /manifest:embed /DEBUG /PDB:"C:\Users\LaurenHPL\Documents\Visual Studio 2013\Projects\chip8\chip8emu\Debug\chip8emu.pdb" /SUBSYSTEM:CONSOLE /TLBID:1 /DYNAMICBASE /NXCOMPAT /IMPLIB:"C:\Users\LaurenHPL\Documents\Visual Studio 2013\Projects\chip8\chip8emu\Debug\chip8emu.lib" /MACHINE:X86 Debug\chip8emu.obj
         Debug\myCPU.obj
         Debug\Stack.obj
         Debug\stdafx.obj
         chip8emu.vcxproj -> C:\Users\LaurenHPL\Documents\Visual Studio 2013\Projects\chip8\chip8emu\Debug\chip8emu.exe
     1>Done Building Project "C:\Users\LaurenHPL\Documents\Visual Studio 2013\Projects\chip8\chip8emu\chip8emu\chip8emu.vcxproj" (Build target(s)).

Build succeeded.

Time Elapsed 00:00:05.15
