PC,    I,     INSTRUCTION,  x,   kk,    regVx
2,    0,     0,        0,  0,   0
4,    0,     0,        0,  0,   0
6,    0,     0,        0,  0,   0
8,    0,     0,        0,  0,   0
a,    0,     0,        0,  0,   0
c,    0,     0,        0,  0,   0
e,    0,     0,        0,  0,   0
10,    0,     0,        0,  0,   0
12,    0,     0,        0,  0,   0
14,    0,     0,        0,  0,   0
16,    0,     0,        0,  0,   0
18,    0,     0,        0,  0,   0
1a,    0,     0,        0,  0,   0
1c,    0,     0,        0,  0,   0
1e,    0,     0,        0,  0,   0
20,    0,     0,        0,  0,   0
22,    0,     0,        0,  0,   0
24,    0,     0,        0,  0,   0
26,    0,     0,        0,  0,   0
28,    0,     0,        0,  0,   0
2a,    0,     0,        0,  0,   0
2c,    0,     0,        0,  0,   0
2e,    0,     0,        0,  0,   0
30,    0,     0,        0,  0,   0
32,    0,     0,        0,  0,   0
34,    0,     0,        0,  0,   0
36,    0,     0,        0,  0,   0
38,    0,     0,        0,  0,   0
3a,    0,     0,        0,  0,   0
3c,    0,     0,        0,  0,   0
3e,    0,     0,        0,  0,   0
40,    0,     0,        0,  0,   0
42,    0,     0,        0,  0,   0
44,    0,     0,        0,  0,   0
46,    0,     0,        0,  0,   0
48,    0,     0,        0,  0,   0
4a,    0,     0,        0,  0,   0
4c,    0,     0,        0,  0,   0
4e,    0,     0,        0,  0,   0
50,    0,     0,        0,  0,   0
52,    0,     0,        0,  0,   0
54,    0,     0,        0,  0,   0
56,    0,     0,        0,  0,   0
58,    0,     0,        0,  0,   0
5a,    0,     0,        0,  0,   0
5c,    0,     0,        0,  0,   0
5e,    0,     0,        0,  0,   0
60,    0,     0,        0,  0,   0
62,    0,     0,        0,  0,   0
64,    0,     0,        0,  0,   0
66,    0,     0,        0,  0,   0
68,    0,     0,        0,  0,   0
6a,    0,     0,        0,  0,   0
6c,    0,     0,        0,  0,   0
6e,    0,     0,        0,  0,   0
70,    0,     0,        0,  0,   0
72,    0,     0,        0,  0,   0
74,    0,     0,        0,  0,   0
76,    0,     0,        0,  0,   0
78,    0,     0,        0,  0,   0
7a,    0,     0,        0,  0,   0
7c,    0,     0,        0,  0,   0
7e,    0,     0,        0,  0,   0
80,    0,     0,        0,  0,   0
82,    0,     0,        0,  0,   0
84,    0,     0,        0,  0,   0
86,    0,     0,        0,  0,   0
88,    0,     0,        0,  0,   0
8a,    0,     0,        0,  0,   0
8c,    0,     0,        0,  0,   0
8e,    0,     0,        0,  0,   0
90,    0,     0,        0,  0,   0
92,    0,     0,        0,  0,   0
94,    0,     0,        0,  0,   0
96,    0,     0,        0,  0,   0
98,    0,     0,        0,  0,   0
9a,    0,     0,        0,  0,   0
9c,    0,     0,        0,  0,   0
9e,    0,     0,        0,  0,   0
a0,    0,     0,        0,  0,   0
a2,    0,     0,        0,  0,   0
a4,    0,     0,        0,  0,   0
a6,    0,     0,        0,  0,   0
a8,    0,     0,        0,  0,   0
aa,    0,     0,        0,  0,   0
ac,    0,     0,        0,  0,   0
ae,    0,     0,        0,  0,   0
b0,    0,     0,        0,  0,   0
b2,    0,     0,        0,  0,   0
b4,    0,     0,        0,  0,   0
b6,    0,     0,        0,  0,   0
b8,    0,     0,        0,  0,   0
ba,    0,     0,        0,  0,   0
bc,    0,     0,        0,  0,   0
be,    0,     0,        0,  0,   0
c0,    0,     0,        0,  0,   0
c2,    0,     0,        0,  0,   0
c4,    0,     0,        0,  0,   0
c6,    0,     0,        0,  0,   0
c8,    0,     0,        0,  0,   0
ca,    0,     0,        0,  0,   0
cc,    0,     0,        0,  0,   0
ce,    0,     0,        0,  0,   0
d0,    0,     0,        0,  0,   0
d2,    0,     0,        0,  0,   0
d4,    0,     0,        0,  0,   0
d6,    0,     0,        0,  0,   0
d8,    0,     0,        0,  0,   0
da,    0,     0,        0,  0,   0
dc,    0,     0,        0,  0,   0
de,    0,     0,        0,  0,   0
e0,    0,     0,        0,  0,   0
e2,    0,     0,        0,  0,   0
e4,    0,     0,        0,  0,   0
e6,    0,     0,        0,  0,   0
e8,    0,     0,        0,  0,   0
ea,    0,     0,        0,  0,   0
ec,    0,     0,        0,  0,   0
ee,    0,     0,        0,  0,   0
f0,    0,     0,        0,  0,   0
f2,    0,     0,        0,  0,   0
f4,    0,     0,        0,  0,   0
f6,    0,     0,        0,  0,   0
f8,    0,     0,        0,  0,   0
fa,    0,     0,        0,  0,   0
fc,    0,     0,        0,  0,   0
fe,    0,     0,        0,  0,   0
100,    0,     0,        0,  0,   0
102,    0,     0,        0,  0,   0
104,    0,     0,        0,  0,   0
106,    0,     0,        0,  0,   0
108,    0,     0,        0,  0,   0
10a,    0,     0,        0,  0,   0
10c,    0,     0,        0,  0,   0
10e,    0,     0,        0,  0,   0
110,    0,     0,        0,  0,   0
112,    0,     0,        0,  0,   0
114,    0,     0,        0,  0,   0
116,    0,     0,        0,  0,   0
118,    0,     0,        0,  0,   0
11a,    0,     0,        0,  0,   0
11c,    0,     0,        0,  0,   0
11e,    0,     0,        0,  0,   0
120,    0,     0,        0,  0,   0
122,    0,     0,        0,  0,   0
124,    0,     0,        0,  0,   0
126,    0,     0,        0,  0,   0
128,    0,     0,        0,  0,   0
12a,    0,     0,        0,  0,   0
12c,    0,     0,        0,  0,   0
12e,    0,     0,        0,  0,   0
130,    0,     0,        0,  0,   0
132,    0,     0,        0,  0,   0
134,    0,     0,        0,  0,   0
136,    0,     0,        0,  0,   0
138,    0,     0,        0,  0,   0
13a,    0,     0,        0,  0,   0
13c,    0,     0,        0,  0,   0
13e,    0,     0,        0,  0,   0
140,    0,     0,        0,  0,   0
142,    0,     0,        0,  0,   0
144,    0,     0,        0,  0,   0
146,    0,     0,        0,  0,   0
148,    0,     0,        0,  0,   0
14a,    0,     0,        0,  0,   0
14c,    0,     0,        0,  0,   0
14e,    0,     0,        0,  0,   0
150,    0,     0,        0,  0,   0
152,    0,     0,        0,  0,   0
154,    0,     0,        0,  0,   0
156,    0,     0,        0,  0,   0
158,    0,     0,        0,  0,   0
15a,    0,     0,        0,  0,   0
15c,    0,     0,        0,  0,   0
15e,    0,     0,        0,  0,   0
160,    0,     0,        0,  0,   0
162,    0,     0,        0,  0,   0
164,    0,     0,        0,  0,   0
166,    0,     0,        0,  0,   0
168,    0,     0,        0,  0,   0
16a,    0,     0,        0,  0,   0
16c,    0,     0,        0,  0,   0
16e,    0,     0,        0,  0,   0
170,    0,     0,        0,  0,   0
172,    0,     0,        0,  0,   0
174,    0,     0,        0,  0,   0
176,    0,     0,        0,  0,   0
178,    0,     0,        0,  0,   0
17a,    0,     0,        0,  0,   0
17c,    0,     0,        0,  0,   0
17e,    0,     0,        0,  0,   0
180,    0,     0,        0,  0,   0
182,    0,     0,        0,  0,   0
184,    0,     0,        0,  0,   0
186,    0,     0,        0,  0,   0
188,    0,     0,        0,  0,   0
18a,    0,     0,        0,  0,   0
18c,    0,     0,        0,  0,   0
18e,    0,     0,        0,  0,   0
190,    0,     0,        0,  0,   0
192,    0,     0,        0,  0,   0
194,    0,     0,        0,  0,   0
196,    0,     0,        0,  0,   0
198,    0,     0,        0,  0,   0
19a,    0,     0,        0,  0,   0
19c,    0,     0,        0,  0,   0
19e,    0,     0,        0,  0,   0
1a0,    0,     0,        0,  0,   0
1a2,    0,     0,        0,  0,   0
1a4,    0,     0,        0,  0,   0
1a6,    0,     0,        0,  0,   0
1a8,    0,     0,        0,  0,   0
1aa,    0,     0,        0,  0,   0
1ac,    0,     0,        0,  0,   0
1ae,    0,     0,        0,  0,   0
1b0,    0,     0,        0,  0,   0
1b2,    0,     0,        0,  0,   0
1b4,    0,     0,        0,  0,   0
1b6,    0,     0,        0,  0,   0
1b8,    0,     0,        0,  0,   0
1ba,    0,     0,        0,  0,   0
1bc,    0,     0,        0,  0,   0
1be,    0,     0,        0,  0,   0
1c0,    0,     0,        0,  0,   0
1c2,    0,     0,        0,  0,   0
1c4,    0,     0,        0,  0,   0
1c6,    0,     0,        0,  0,   0
1c8,    0,     0,        0,  0,   0
1ca,    0,     0,        0,  0,   0
1cc,    0,     0,        0,  0,   0
1ce,    0,     0,        0,  0,   0
1d0,    0,     0,        0,  0,   0
1d2,    0,     0,        0,  0,   0
1d4,    0,     0,        0,  0,   0
1d6,    0,     0,        0,  0,   0
1d8,    0,     0,        0,  0,   0
1da,    0,     0,        0,  0,   0
1dc,    0,     0,        0,  0,   0
1de,    0,     0,        0,  0,   0
1e0,    0,     0,        0,  0,   0
1e2,    0,     0,        0,  0,   0
1e4,    0,     0,        0,  0,   0
1e6,    0,     0,        0,  0,   0
1e8,    0,     0,        0,  0,   0
1ea,    0,     0,        0,  0,   0
1ec,    0,     0,        0,  0,   0
1ee,    0,     0,        0,  0,   0
1f0,    0,     0,        0,  0,   0
1f2,    0,     0,        0,  0,   0
1f4,    0,     0,        0,  0,   0
1f6,    0,     0,        0,  0,   0
1f8,    0,     0,        0,  0,   0
1fa,    0,     0,        0,  0,   0
1fc,    0,     0,        0,  0,   0
1fe,    0,     0,        0,  0,   0
200,    0,     0,        0,  0,   0
225,    0,     1225,        2,  25,   0
227,    0,     6000,        0,  0,   0
229,    0,     6100,        1,  0,   0
22b,    0,     6208,        2,  8,   8
22d,    3d3,     a3d3,        3,  d3,   0
22f,    3d3,     d018,        0,  18,   0
231,    3d3,     7108,        1,  8,   8
233,    3db,     f21e,        2,  1e,   8
235,    3db,     3120,        1,  20,   8
22d,    3db,     122d,        2,  2d,   8
22f,    3db,     d018,        0,  18,   0
231,    3db,     7108,        1,  8,   10
233,    3e3,     f21e,        2,  1e,   8
235,    3e3,     3120,        1,  20,   10
22d,    3e3,     122d,        2,  2d,   8
22f,    3e3,     d018,        0,  18,   0
231,    3e3,     7108,        1,  8,   18
233,    3eb,     f21e,        2,  1e,   8
235,    3eb,     3120,        1,  20,   18
22d,    3eb,     122d,        2,  2d,   8
22f,    3eb,     d018,        0,  18,   0
231,    3eb,     7108,        1,  8,   20
233,    3f3,     f21e,        2,  1e,   8
237,    3f3,     3120,        1,  20,   20
239,    3f3,     7008,        0,  8,   8
23b,    3f3,     6100,        1,  0,   0
23d,    3f3,     3040,        0,  40,   8
22d,    3f3,     122d,        2,  2d,   8
22f,    3f3,     d018,        0,  18,   8
231,    3f3,     7108,        1,  8,   8
233,    3fb,     f21e,        2,  1e,   8
235,    3fb,     3120,        1,  20,   8
22d,    3fb,     122d,        2,  2d,   8
22f,    3fb,     d018,        0,  18,   8
231,    3fb,     7108,        1,  8,   10
233,    403,     f21e,        2,  1e,   8
235,    403,     3120,        1,  20,   10
22d,    403,     122d,        2,  2d,   8
22f,    403,     d018,        0,  18,   8
231,    403,     7108,        1,  8,   18
233,    40b,     f21e,        2,  1e,   8
235,    40b,     3120,        1,  20,   18
22d,    40b,     122d,        2,  2d,   8
22f,    40b,     d018,        0,  18,   8
231,    40b,     7108,        1,  8,   20
233,    413,     f21e,        2,  1e,   8
237,    413,     3120,        1,  20,   20
239,    413,     7008,        0,  8,   10
23b,    413,     6100,        1,  0,   0
23d,    413,     3040,        0,  40,   10
22d,    413,     122d,        2,  2d,   8
22f,    413,     d018,        0,  18,   10
231,    413,     7108,        1,  8,   8
233,    41b,     f21e,        2,  1e,   8
235,    41b,     3120,        1,  20,   8
22d,    41b,     122d,        2,  2d,   8
22f,    41b,     d018,        0,  18,   10
231,    41b,     7108,        1,  8,   10
233,    423,     f21e,        2,  1e,   8
235,    423,     3120,        1,  20,   10
22d,    423,     122d,        2,  2d,   8
22f,    423,     d018,        0,  18,   10
231,    423,     7108,        1,  8,   18
233,    42b,     f21e,        2,  1e,   8
235,    42b,     3120,        1,  20,   18
22d,    42b,     122d,        2,  2d,   8
22f,    42b,     d018,        0,  18,   10
231,    42b,     7108,        1,  8,   20
233,    433,     f21e,        2,  1e,   8
237,    433,     3120,        1,  20,   20
239,    433,     7008,        0,  8,   18
23b,    433,     6100,        1,  0,   0
23d,    433,     3040,        0,  40,   18
22d,    433,     122d,        2,  2d,   8
22f,    433,     d018,        0,  18,   18
231,    433,     7108,        1,  8,   8
233,    43b,     f21e,        2,  1e,   8
235,    43b,     3120,        1,  20,   8
22d,    43b,     122d,        2,  2d,   8
22f,    43b,     d018,        0,  18,   18
231,    43b,     7108,        1,  8,   10
233,    443,     f21e,        2,  1e,   8
235,    443,     3120,        1,  20,   10
22d,    443,     122d,        2,  2d,   8
22f,    443,     d018,        0,  18,   18
231,    443,     7108,        1,  8,   18
233,    44b,     f21e,        2,  1e,   8
235,    44b,     3120,        1,  20,   18
22d,    44b,     122d,        2,  2d,   8
22f,    44b,     d018,        0,  18,   18
231,    44b,     7108,        1,  8,   20
233,    453,     f21e,        2,  1e,   8
237,    453,     3120,        1,  20,   20
239,    453,     7008,        0,  8,   20
23b,    453,     6100,        1,  0,   0
23d,    453,     3040,        0,  40,   20
22d,    453,     122d,        2,  2d,   8
22f,    453,     d018,        0,  18,   20
231,    453,     7108,        1,  8,   8
233,    45b,     f21e,        2,  1e,   8
235,    45b,     3120,        1,  20,   8
22d,    45b,     122d,        2,  2d,   8
22f,    45b,     d018,        0,  18,   20
231,    45b,     7108,        1,  8,   10
233,    463,     f21e,        2,  1e,   8
235,    463,     3120,        1,  20,   10
22d,    463,     122d,        2,  2d,   8
22f,    463,     d018,        0,  18,   20
231,    463,     7108,        1,  8,   18
233,    46b,     f21e,        2,  1e,   8
235,    46b,     3120,        1,  20,   18
22d,    46b,     122d,        2,  2d,   8
22f,    46b,     d018,        0,  18,   20
231,    46b,     7108,        1,  8,   20
233,    473,     f21e,        2,  1e,   8
237,    473,     3120,        1,  20,   20
239,    473,     7008,        0,  8,   28
23b,    473,     6100,        1,  0,   0
23d,    473,     3040,        0,  40,   28
22d,    473,     122d,        2,  2d,   8
22f,    473,     d018,        0,  18,   28
231,    473,     7108,        1,  8,   8
233,    47b,     f21e,        2,  1e,   8
235,    47b,     3120,        1,  20,   8
22d,    47b,     122d,        2,  2d,   8
22f,    47b,     d018,        0,  18,   28
231,    47b,     7108,        1,  8,   10
233,    483,     f21e,        2,  1e,   8
235,    483,     3120,        1,  20,   10
22d,    483,     122d,        2,  2d,   8
22f,    483,     d018,        0,  18,   28
231,    483,     7108,        1,  8,   18
233,    48b,     f21e,        2,  1e,   8
235,    48b,     3120,        1,  20,   18
22d,    48b,     122d,        2,  2d,   8
22f,    48b,     d018,        0,  18,   28
231,    48b,     7108,        1,  8,   20
233,    493,     f21e,        2,  1e,   8
237,    493,     3120,        1,  20,   20
239,    493,     7008,        0,  8,   30
23b,    493,     6100,        1,  0,   0
23d,    493,     3040,        0,  40,   30
22d,    493,     122d,        2,  2d,   8
22f,    493,     d018,        0,  18,   30
231,    493,     7108,        1,  8,   8
233,    49b,     f21e,        2,  1e,   8
235,    49b,     3120,        1,  20,   8
22d,    49b,     122d,        2,  2d,   8
22f,    49b,     d018,        0,  18,   30
231,    49b,     7108,        1,  8,   10
233,    4a3,     f21e,        2,  1e,   8
235,    4a3,     3120,        1,  20,   10
22d,    4a3,     122d,        2,  2d,   8
22f,    4a3,     d018,        0,  18,   30
231,    4a3,     7108,        1,  8,   18
233,    4ab,     f21e,        2,  1e,   8
235,    4ab,     3120,        1,  20,   18
22d,    4ab,     122d,        2,  2d,   8
22f,    4ab,     d018,        0,  18,   30
231,    4ab,     7108,        1,  8,   20
233,    4b3,     f21e,        2,  1e,   8
237,    4b3,     3120,        1,  20,   20
239,    4b3,     7008,        0,  8,   38
23b,    4b3,     6100,        1,  0,   0
23d,    4b3,     3040,        0,  40,   38
22d,    4b3,     122d,        2,  2d,   8
22f,    4b3,     d018,        0,  18,   38
231,    4b3,     7108,        1,  8,   8
233,    4bb,     f21e,        2,  1e,   8
235,    4bb,     3120,        1,  20,   8
22d,    4bb,     122d,        2,  2d,   8
22f,    4bb,     d018,        0,  18,   38
231,    4bb,     7108,        1,  8,   10
233,    4c3,     f21e,        2,  1e,   8
235,    4c3,     3120,        1,  20,   10
22d,    4c3,     122d,        2,  2d,   8
22f,    4c3,     d018,        0,  18,   38
231,    4c3,     7108,        1,  8,   18
233,    4cb,     f21e,        2,  1e,   8
235,    4cb,     3120,        1,  20,   18
22d,    4cb,     122d,        2,  2d,   8
22f,    4cb,     d018,        0,  18,   38
231,    4cb,     7108,        1,  8,   20
233,    4d3,     f21e,        2,  1e,   8
237,    4d3,     3120,        1,  20,   20
239,    4d3,     7008,        0,  8,   40
23b,    4d3,     6100,        1,  0,   0
23f,    4d3,     3040,        0,  40,   40
241,    4d3,     6905,        9,  5,   5
243,    4d3,     6c15,        c,  15,   15
245,    4d3,     6e00,        e,  0,   0
387,    4d3,     2387,        3,  87,   0
389,    4d3,     6a00,        a,  0,   0
38b,    4d3,     8de0,        d,  e0,   0
38d,    4d3,     6b04,        b,  4,   4
391,    4d3,     e9a1,        9,  a1,   5
393,    602,     a602,        6,  2,   0
395,    602,     fd1e,        d,  1e,   0
397,    603,     f065,        0,  65,   ffa8
399,    603,     30ff,        0,  ff,   ffa8
3a5,    603,     13a5,        3,  a5,   0
3a7,    500,     a500,        5,  0,   0
3a9,    4a8,     f01e,        0,  1e,   ffa8
3ab,    4a8,     dbc6,        b,  c6,   4
3ad,    4a8,     7b08,        b,  8,   c
3af,    4a8,     7d01,        d,  1,   1
3b1,    4a8,     7a01,        a,  1,   1
3b3,    4a8,     3a07,        a,  7,   1
38d,    4a8,     138d,        3,  8d,   0
391,    4a8,     e9a1,        9,  a1,   5
393,    602,     a602,        6,  2,   0
395,    603,     fd1e,        d,  1e,   1
397,    604,     f065,        0,  65,   ffa8
399,    604,     30ff,        0,  ff,   ffa8
3a5,    604,     13a5,        3,  a5,   0
3a7,    500,     a500,        5,  0,   0
3a9,    4a8,     f01e,        0,  1e,   ffa8
3ab,    4a8,     dbc6,        b,  c6,   c
3ad,    4a8,     7b08,        b,  8,   14
3af,    4a8,     7d01,        d,  1,   2
3b1,    4a8,     7a01,        a,  1,   2
3b3,    4a8,     3a07,        a,  7,   2
38d,    4a8,     138d,        3,  8d,   0
391,    4a8,     e9a1,        9,  a1,   5
393,    602,     a602,        6,  2,   0
395,    604,     fd1e,        d,  1e,   2
397,    605,     f065,        0,  65,   ffa8
399,    605,     30ff,        0,  ff,   ffa8
3a5,    605,     13a5,        3,  a5,   0
3a7,    500,     a500,        5,  0,   0
3a9,    4a8,     f01e,        0,  1e,   ffa8
3ab,    4a8,     dbc6,        b,  c6,   14
3ad,    4a8,     7b08,        b,  8,   1c
3af,    4a8,     7d01,        d,  1,   3
3b1,    4a8,     7a01,        a,  1,   3
3b3,    4a8,     3a07,        a,  7,   3
38d,    4a8,     138d,        3,  8d,   0
391,    4a8,     e9a1,        9,  a1,   5
393,    602,     a602,        6,  2,   0
395,    605,     fd1e,        d,  1e,   3
397,    606,     f065,        0,  65,   ffa8
399,    606,     30ff,        0,  ff,   ffa8
3a5,    606,     13a5,        3,  a5,   0
3a7,    500,     a500,        5,  0,   0
3a9,    4a8,     f01e,        0,  1e,   ffa8
3ab,    4a8,     dbc6,        b,  c6,   1c
3ad,    4a8,     7b08,        b,  8,   24
3af,    4a8,     7d01,        d,  1,   4
3b1,    4a8,     7a01,        a,  1,   4
3b3,    4a8,     3a07,        a,  7,   4
38d,    4a8,     138d,        3,  8d,   0
391,    4a8,     e9a1,        9,  a1,   5
393,    602,     a602,        6,  2,   0
395,    606,     fd1e,        d,  1e,   4
397,    607,     f065,        0,  65,   ffa8
399,    607,     30ff,        0,  ff,   ffa8
3a5,    607,     13a5,        3,  a5,   0
3a7,    500,     a500,        5,  0,   0
3a9,    4a8,     f01e,        0,  1e,   ffa8
3ab,    4a8,     dbc6,        b,  c6,   24
3ad,    4a8,     7b08,        b,  8,   2c
3af,    4a8,     7d01,        d,  1,   5
3b1,    4a8,     7a01,        a,  1,   5
3b3,    4a8,     3a07,        a,  7,   5
38d,    4a8,     138d,        3,  8d,   0
391,    4a8,     e9a1,        9,  a1,   5
393,    602,     a602,        6,  2,   0
395,    607,     fd1e,        d,  1e,   5
397,    608,     f065,        0,  65,   ffa8
399,    608,     30ff,        0,  ff,   ffa8
3a5,    608,     13a5,        3,  a5,   0
3a7,    500,     a500,        5,  0,   0
3a9,    4a8,     f01e,        0,  1e,   ffa8
3ab,    4a8,     dbc6,        b,  c6,   2c
3ad,    4a8,     7b08,        b,  8,   34
3af,    4a8,     7d01,        d,  1,   6
3b1,    4a8,     7a01,        a,  1,   6
3b3,    4a8,     3a07,        a,  7,   6
38d,    4a8,     138d,        3,  8d,   0
391,    4a8,     e9a1,        9,  a1,   5
393,    602,     a602,        6,  2,   0
395,    608,     fd1e,        d,  1e,   6
397,    609,     f065,        0,  65,   ffa8
399,    609,     30ff,        0,  ff,   ffa8
3a5,    609,     13a5,        3,  a5,   0
3a7,    500,     a500,        5,  0,   0
3a9,    4a8,     f01e,        0,  1e,   ffa8
3ab,    4a8,     dbc6,        b,  c6,   34
3ad,    4a8,     7b08,        b,  8,   3c
3af,    4a8,     7d01,        d,  1,   7
3b1,    4a8,     7a01,        a,  1,   7
3b5,    4a8,     3a07,        a,  7,   7
247,    4a8,     ee,        0,  ee,   ffa8
249,    4a8,     600a,        0,  a,   a
24b,    4a8,     f015,        0,  15,   a
24d,    4a8,     f007,        0,  7,   9
24f,    4a8,     3000,        0,  0,   9
24b,    4a8,     124b,        2,  4b,   8
24d,    4a8,     f007,        0,  7,   6
24f,    4a8,     3000,        0,  0,   6
24b,    4a8,     124b,        2,  4b,   8
24d,    4a8,     f007,        0,  7,   3
24f,    4a8,     3000,        0,  0,   3
24b,    4a8,     124b,        2,  4b,   8
24d,    4a8,     f007,        0,  7,   0
251,    4a8,     3000,        0,  0,   0
387,    4a8,     2387,        3,  87,   0
389,    4a8,     6a00,        a,  0,   0
38b,    4a8,     8de0,        d,  e0,   0
38d,    4a8,     6b04,        b,  4,   4
38f,    4a8,     e9a1,        9,  a1,   5
257,    4a8,     1257,        2,  57,   8
259,    4a8,     6600,        6,  0,   0
25b,    4a8,     681c,        8,  1c,   1c
25d,    4a8,     6900,        9,  0,   0
25f,    4a8,     6a04,        a,  4,   4
261,    4a8,     6b0a,        b,  a,   a
263,    4a8,     6c04,        c,  4,   4
265,    4a8,     6d3c,        d,  3c,   3c
267,    4a8,     6e0f,        e,  f,   f
26b,    4a8,     e0,        0,  e0,   0
347,    4a8,     2347,        3,  47,   0
349,    3b7,     a3b7,        3,  b7,   0
34b,    3b7,     f91e,        9,  1e,   0
34d,    3b7,     6108,        1,  8,   8
35f,    3b7,     235f,        3,  5f,   0
361,    3b7,     80e0,        0,  e0,   f
363,    3b7,     8012,        0,  12,   8
365,    3b7,     3000,        0,  0,   8
367,    3b7,     dbc6,        b,  c6,   a
369,    3b7,     7b0c,        b,  c,   16
34f,    3b7,     ee,        0,  ee,   8
351,    3b7,     8106,        1,  6,   4
35f,    3b7,     235f,        3,  5f,   0
361,    3b7,     80e0,        0,  e0,   f
363,    3b7,     8012,        0,  12,   4
365,    3b7,     3000,        0,  0,   4
367,    3b7,     dbc6,        b,  c6,   16
369,    3b7,     7b0c,        b,  c,   22
353,    3b7,     ee,        0,  ee,   4
355,    3b7,     8106,        1,  6,   2
35f,    3b7,     235f,        3,  5f,   0
361,    3b7,     80e0,        0,  e0,   f
363,    3b7,     8012,        0,  12,   2
365,    3b7,     3000,        0,  0,   2
367,    3b7,     dbc6,        b,  c6,   22
369,    3b7,     7b0c,        b,  c,   2e
357,    3b7,     ee,        0,  ee,   2
359,    3b7,     8106,        1,  6,   1
35f,    3b7,     235f,        3,  5f,   0
361,    3b7,     80e0,        0,  e0,   f
363,    3b7,     8012,        0,  12,   1
365,    3b7,     3000,        0,  0,   1
367,    3b7,     dbc6,        b,  c6,   2e
369,    3b7,     7b0c,        b,  c,   3a
35b,    3b7,     ee,        0,  ee,   1
35d,    3b7,     7bd0,        b,  d0,   10a
26d,    3b7,     ee,        0,  ee,   1
26f,    3b7,     fd15,        d,  15,   3c
271,    3b7,     6004,        0,  4,   4
273,    3b7,     e09e,        0,  9e,   4
27d,    3b7,     127d,        2,  7d,   8
27f,    3b7,     6006,        0,  6,   6
281,    3b7,     e09e,        0,  9e,   6
28b,    3b7,     128b,        2,  8b,   8
28f,    3b7,     3600,        6,  0,   0
291,    3b7,     6005,        0,  5,   5
293,    3b7,     e09e,        0,  9e,   5
2e9,    3b7,     12e9,        2,  e9,   8
2eb,    3b7,     3e00,        e,  0,   f
307,    3b7,     1307,        3,  7,   0
309,    3b7,     f707,        7,  7,   2f
30b,    3b7,     3700,        7,  0,   2f
26f,    3b7,     126f,        2,  6f,   8
271,    3b7,     6004,        0,  4,   4
273,    3b7,     e09e,        0,  9e,   4
27d,    3b7,     127d,        2,  7d,   8
27f,    3b7,     6006,        0,  6,   6
281,    3b7,     e09e,        0,  9e,   6
28b,    3b7,     128b,        2,  8b,   8
28f,    3b7,     3600,        6,  0,   0
291,    3b7,     6005,        0,  5,   5
293,    3b7,     e09e,        0,  9e,   5
2e9,    3b7,     12e9,        2,  e9,   8
2eb,    3b7,     3e00,        e,  0,   f
307,    3b7,     1307,        3,  7,   0
309,    3b7,     f707,        7,  7,   20
30b,    3b7,     3700,        7,  0,   20
26f,    3b7,     126f,        2,  6f,   8
271,    3b7,     6004,        0,  4,   4
273,    3b7,     e09e,        0,  9e,   4
27d,    3b7,     127d,        2,  7d,   8
27f,    3b7,     6006,        0,  6,   6
281,    3b7,     e09e,        0,  9e,   6
28b,    3b7,     128b,        2,  8b,   8
28f,    3b7,     3600,        6,  0,   0
291,    3b7,     6005,        0,  5,   5
293,    3b7,     e09e,        0,  9e,   5
2e9,    3b7,     12e9,        2,  e9,   8
2eb,    3b7,     3e00,        e,  0,   f
307,    3b7,     1307,        3,  7,   0
309,    3b7,     f707,        7,  7,   11
30b,    3b7,     3700,        7,  0,   11
26f,    3b7,     126f,        2,  6f,   8
271,    3b7,     6004,        0,  4,   4
273,    3b7,     e09e,        0,  9e,   4
27d,    3b7,     127d,        2,  7d,   8
27f,    3b7,     6006,        0,  6,   6
281,    3b7,     e09e,        0,  9e,   6
28b,    3b7,     128b,        2,  8b,   8
28f,    3b7,     3600,        6,  0,   0
291,    3b7,     6005,        0,  5,   5
293,    3b7,     e09e,        0,  9e,   5
2e9,    3b7,     12e9,        2,  e9,   8
2eb,    3b7,     3e00,        e,  0,   f
307,    3b7,     1307,        3,  7,   0
309,    3b7,     f707,        7,  7,   2
30b,    3b7,     3700,        7,  0,   2
26f,    3b7,     126f,        2,  6f,   8
271,    3b7,     6004,        0,  4,   4
273,    3b7,     e09e,        0,  9e,   4
27d,    3b7,     127d,        2,  7d,   8
27f,    3b7,     6006,        0,  6,   6
281,    3b7,     e09e,        0,  9e,   6
28b,    3b7,     128b,        2,  8b,   8
28f,    3b7,     3600,        6,  0,   0
291,    3b7,     6005,        0,  5,   5
293,    3b7,     e09e,        0,  9e,   5
2e9,    3b7,     12e9,        2,  e9,   8
2eb,    3b7,     3e00,        e,  0,   f
307,    3b7,     1307,        3,  7,   0
309,    3b7,     f707,        7,  7,   0
30d,    3b7,     3700,        7,  0,   0
30f,    3b7,     fd15,        d,  15,   3c
347,    3b7,     2347,        3,  47,   0
349,    3b7,     a3b7,        3,  b7,   0
34b,    3b7,     f91e,        9,  1e,   0
34d,    3b7,     6108,        1,  8,   8
35f,    3b7,     235f,        3,  5f,   0
361,    3b7,     80e0,        0,  e0,   f
363,    3b7,     8012,        0,  12,   8
365,    3b7,     3000,        0,  0,   8
367,    3b7,     dbc6,        b,  c6,   10a
369,    3b7,     7b0c,        b,  c,   116
34f,    3b7,     ee,        0,  ee,   8
351,    3b7,     8106,        1,  6,   4
35f,    3b7,     235f,        3,  5f,   0
361,    3b7,     80e0,        0,  e0,   f
363,    3b7,     8012,        0,  12,   4
365,    3b7,     3000,        0,  0,   4
367,    3b7,     dbc6,        b,  c6,   116
369,    3b7,     7b0c,        b,  c,   122
353,    3b7,     ee,        0,  ee,   4
355,    3b7,     8106,        1,  6,   2
35f,    3b7,     235f,        3,  5f,   0
361,    3b7,     80e0,        0,  e0,   f
363,    3b7,     8012,        0,  12,   2
365,    3b7,     3000,        0,  0,   2
367,    3b7,     dbc6,        b,  c6,   122
369,    3b7,     7b0c,        b,  c,   12e
357,    3b7,     ee,        0,  ee,   2
359,    3b7,     8106,        1,  6,   1
35f,    3b7,     235f,        3,  5f,   0
361,    3b7,     80e0,        0,  e0,   f
363,    3b7,     8012,        0,  12,   1
365,    3b7,     3000,        0,  0,   1
367,    3b7,     dbc6,        b,  c6,   12e
369,    3b7,     7b0c,        b,  c,   13a
35b,    3b7,     ee,        0,  ee,   1
35d,    3b7,     7bd0,        b,  d0,   20a
311,    3b7,     ee,        0,  ee,   1
313,    3b7,     8ba4,        b,  a4,   20e
315,    3b7,     3b12,        b,  12,   20e
31b,    3b7,     131b,        3,  1b,   0
31d,    3b7,     3b02,        b,  2,   20e
323,    3b7,     1323,        3,  23,   0
347,    3b7,     2347,        3,  47,   0
349,    3b7,     a3b7,        3,  b7,   0
34b,    3b7,     f91e,        9,  1e,   0
34d,    3b7,     6108,        1,  8,   8
35f,    3b7,     235f,        3,  5f,   0
361,    3b7,     80e0,        0,  e0,   f
363,    3b7,     8012,        0,  12,   8
365,    3b7,     3000,        0,  0,   8
367,    3b7,     dbc6,        b,  c6,   20e
369,    3b7,     7b0c,        b,  c,   21a
34f,    3b7,     ee,        0,  ee,   8
351,    3b7,     8106,        1,  6,   4
35f,    3b7,     235f,        3,  5f,   0
361,    3b7,     80e0,        0,  e0,   f
363,    3b7,     8012,        0,  12,   4
365,    3b7,     3000,        0,  0,   4
367,    3b7,     dbc6,        b,  c6,   21a
369,    3b7,     7b0c,        b,  c,   226
353,    3b7,     ee,        0,  ee,   4
355,    3b7,     8106,        1,  6,   2
35f,    3b7,     235f,        3,  5f,   0
361,    3b7,     80e0,        0,  e0,   f
363,    3b7,     8012,        0,  12,   2
365,    3b7,     3000,        0,  0,   2
367,    3b7,     dbc6,        b,  c6,   226
369,    3b7,     7b0c,        b,  c,   232
357,    3b7,     ee,        0,  ee,   2
359,    3b7,     8106,        1,  6,   1
35f,    3b7,     235f,        3,  5f,   0
361,    3b7,     80e0,        0,  e0,   f
363,    3b7,     8012,        0,  12,   1
365,    3b7,     3000,        0,  0,   1
367,    3b7,     dbc6,        b,  c6,   232
369,    3b7,     7b0c,        b,  c,   23e
35b,    3b7,     ee,        0,  ee,   1
35d,    3b7,     7bd0,        b,  d0,   30e
325,    3b7,     ee,        0,  ee,   1
327,    3b7,     3c18,        c,  18,   4
26f,    3b7,     126f,        2,  6f,   8
271,    3b7,     6004,        0,  4,   4
273,    3b7,     e09e,        0,  9e,   4
27d,    3b7,     127d,        2,  7d,   8
27f,    3b7,     6006,        0,  6,   6
281,    3b7,     e09e,        0,  9e,   6
28b,    3b7,     128b,        2,  8b,   8
28f,    3b7,     3600,        6,  0,   0
291,    3b7,     6005,        0,  5,   5
293,    3b7,     e09e,        0,  9e,   5
2e9,    3b7,     12e9,        2,  e9,   8
2eb,    3b7,     3e00,        e,  0,   f
307,    3b7,     1307,        3,  7,   0
309,    3b7,     f707,        7,  7,   0
30d,    3b7,     3700,        7,  0,   0
30f,    3b7,     fd15,        d,  15,   3c
347,    3b7,     2347,        3,  47,   0
349,    3b7,     a3b7,        3,  b7,   0
34b,    3b7,     f91e,        9,  1e,   0
34d,    3b7,     6108,        1,  8,   8
35f,    3b7,     235f,        3,  5f,   0
361,    3b7,     80e0,        0,  e0,   f
363,    3b7,     8012,        0,  12,   8
365,    3b7,     3000,        0,  0,   8
367,    3b7,     dbc6,        b,  c6,   30e
369,    3b7,     7b0c,        b,  c,   31a
34f,    3b7,     ee,        0,  ee,   8
351,    3b7,     8106,        1,  6,   4
35f,    3b7,     235f,        3,  5f,   0
361,    3b7,     80e0,        0,  e0,   f
363,    3b7,     8012,        0,  12,   4
365,    3b7,     3000,        0,  0,   4
367,    3b7,     dbc6,        b,  c6,   31a
369,    3b7,     7b0c,        b,  c,   326
353,    3b7,     ee,        0,  ee,   4
355,    3b7,     8106,        1,  6,   2
35f,    3b7,     235f,        3,  5f,   0
361,    3b7,     80e0,        0,  e0,   f
363,    3b7,     8012,        0,  12,   2
365,    3b7,     3000,        0,  0,   2
367,    3b7,     dbc6,        b,  c6,   326
369,    3b7,     7b0c,        b,  c,   332
357,    3b7,     ee,        0,  ee,   2
359,    3b7,     8106,        1,  6,   1
35f,    3b7,     235f,        3,  5f,   0
361,    3b7,     80e0,        0,  e0,   f
363,    3b7,     8012,        0,  12,   1
365,    3b7,     3000,        0,  0,   1
367,    3b7,     dbc6,        b,  c6,   332
369,    3b7,     7b0c,        b,  c,   33e
35b,    3b7,     ee,        0,  ee,   1
35d,    3b7,     7bd0,        b,  d0,   40e
311,    3b7,     ee,        0,  ee,   1
313,    3b7,     8ba4,        b,  a4,   412
315,    3b7,     3b12,        b,  12,   412
31b,    3b7,     131b,        3,  1b,   0
31d,    3b7,     3b02,        b,  2,   412
323,    3b7,     1323,        3,  23,   0
347,    3b7,     2347,        3,  47,   0
349,    3b7,     a3b7,        3,  b7,   0
34b,    3b7,     f91e,        9,  1e,   0
34d,    3b7,     6108,        1,  8,   8
35f,    3b7,     235f,        3,  5f,   0
361,    3b7,     80e0,        0,  e0,   f
363,    3b7,     8012,        0,  12,   8
365,    3b7,     3000,        0,  0,   8
367,    3b7,     dbc6,        b,  c6,   412
369,    3b7,     7b0c,        b,  c,   41e
34f,    3b7,     ee,        0,  ee,   8
351,    3b7,     8106,        1,  6,   4
35f,    3b7,     235f,        3,  5f,   0
361,    3b7,     80e0,        0,  e0,   f
363,    3b7,     8012,        0,  12,   4
365,    3b7,     3000,        0,  0,   4
367,    3b7,     dbc6,        b,  c6,   41e
369,    3b7,     7b0c,        b,  c,   42a
353,    3b7,     ee,        0,  ee,   4
355,    3b7,     8106,        1,  6,   2
35f,    3b7,     235f,        3,  5f,   0
361,    3b7,     80e0,        0,  e0,   f
363,    3b7,     8012,        0,  12,   2
365,    3b7,     3000,        0,  0,   2
367,    3b7,     dbc6,        b,  c6,   42a
369,    3b7,     7b0c,        b,  c,   436
357,    3b7,     ee,        0,  ee,   2
359,    3b7,     8106,        1,  6,   1
35f,    3b7,     235f,        3,  5f,   0
361,    3b7,     80e0,        0,  e0,   f
363,    3b7,     8012,        0,  12,   1
365,    3b7,     3000,        0,  0,   1
367,    3b7,     dbc6,        b,  c6,   436
369,    3b7,     7b0c,        b,  c,   442
35b,    3b7,     ee,        0,  ee,   1
35d,    3b7,     7bd0,        b,  d0,   512
325,    3b7,     ee,        0,  ee,   1
327,    3b7,     3c18,        c,  18,   4
26f,    3b7,     126f,        2,  6f,   8
271,    3b7,     6004,        0,  4,   4
273,    3b7,     e09e,        0,  9e,   4
27d,    3b7,     127d,        2,  7d,   8
27f,    3b7,     6006,        0,  6,   6
281,    3b7,     e09e,        0,  9e,   6
28b,    3b7,     128b,        2,  8b,   8
28f,    3b7,     3600,        6,  0,   0
291,    3b7,     6005,        0,  5,   5
293,    3b7,     e09e,        0,  9e,   5
2e9,    3b7,     12e9,        2,  e9,   8
2eb,    3b7,     3e00,        e,  0,   f
307,    3b7,     1307,        3,  7,   0
309,    3b7,     f707,        7,  7,   0
30d,    3b7,     3700,        7,  0,   0
30f,    3b7,     fd15,        d,  15,   3c
347,    3b7,     2347,        3,  47,   0
349,    3b7,     a3b7,        3,  b7,   0
34b,    3b7,     f91e,        9,  1e,   0
34d,    3b7,     6108,        1,  8,   8
35f,    3b7,     235f,        3,  5f,   0
361,    3b7,     80e0,        0,  e0,   f
363,    3b7,     8012,        0,  12,   8
365,    3b7,     3000,        0,  0,   8
367,    3b7,     dbc6,        b,  c6,   512
369,    3b7,     7b0c,        b,  c,   51e
34f,    3b7,     ee,        0,  ee,   8
351,    3b7,     8106,        1,  6,   4
35f,    3b7,     235f,        3,  5f,   0
361,    3b7,     80e0,        0,  e0,   f
363,    3b7,     8012,        0,  12,   4
365,    3b7,     3000,        0,  0,   4
367,    3b7,     dbc6,        b,  c6,   51e
369,    3b7,     7b0c,        b,  c,   52a
353,    3b7,     ee,        0,  ee,   4
355,    3b7,     8106,        1,  6,   2
35f,    3b7,     235f,        3,  5f,   0
361,    3b7,     80e0,        0,  e0,   f
363,    3b7,     8012,        0,  12,   2
365,    3b7,     3000,        0,  0,   2
367,    3b7,     dbc6,        b,  c6,   52a
369,    3b7,     7b0c,        b,  c,   536
357,    3b7,     ee,        0,  ee,   2
359,    3b7,     8106,        1,  6,   1
35f,    3b7,     235f,        3,  5f,   0
361,    3b7,     80e0,        0,  e0,   f
363,    3b7,     8012,        0,  12,   1
365,    3b7,     3000,        0,  0,   1
367,    3b7,     dbc6,        b,  c6,   536
369,    3b7,     7b0c,        b,  c,   542
35b,    3b7,     ee,        0,  ee,   1
35d,    3b7,     7bd0,        b,  d0,   612
311,    3b7,     ee,        0,  ee,   1
313,    3b7,     8ba4,        b,  a4,   616
315,    3b7,     3b12,        b,  12,   616
31b,    3b7,     131b,        3,  1b,   0
31d,    3b7,     3b02,        b,  2,   616
323,    3b7,     1323,        3,  23,   0
347,    3b7,     2347,        3,  47,   0
349,    3b7,     a3b7,        3,  b7,   0
34b,    3b7,     f91e,        9,  1e,   0
34d,    3b7,     6108,        1,  8,   8
35f,    3b7,     235f,        3,  5f,   0
361,    3b7,     80e0,        0,  e0,   f
363,    3b7,     8012,        0,  12,   8
365,    3b7,     3000,        0,  0,   8
367,    3b7,     dbc6,        b,  c6,   616
369,    3b7,     7b0c,        b,  c,   622
34f,    3b7,     ee,        0,  ee,   8
351,    3b7,     8106,        1,  6,   4
35f,    3b7,     235f,        3,  5f,   0
361,    3b7,     80e0,        0,  e0,   f
363,    3b7,     8012,        0,  12,   4
365,    3b7,     3000,        0,  0,   4
367,    3b7,     dbc6,        b,  c6,   622
369,    3b7,     7b0c,        b,  c,   62e
353,    3b7,     ee,        0,  ee,   4
355,    3b7,     8106,        1,  6,   2
35f,    3b7,     235f,        3,  5f,   0
361,    3b7,     80e0,        0,  e0,   f
363,    3b7,     8012,        0,  12,   2
365,    3b7,     3000,        0,  0,   2
367,    3b7,     dbc6,        b,  c6,   62e
369,    3b7,     7b0c,        b,  c,   63a
357,    3b7,     ee,        0,  ee,   2
359,    3b7,     8106,        1,  6,   1
35f,    3b7,     235f,        3,  5f,   0
361,    3b7,     80e0,        0,  e0,   f
363,    3b7,     8012,        0,  12,   1
365,    3b7,     3000,        0,  0,   1
367,    3b7,     dbc6,        b,  c6,   63a
369,    3b7,     7b0c,        b,  c,   646
35b,    3b7,     ee,        0,  ee,   1
35d,    3b7,     7bd0,        b,  d0,   716
325,    3b7,     ee,        0,  ee,   1
327,    3b7,     3c18,        c,  18,   4
26f,    3b7,     126f,        2,  6f,   8
271,    3b7,     6004,        0,  4,   4
273,    3b7,     e09e,        0,  9e,   4
27d,    3b7,     127d,        2,  7d,   8
27f,    3b7,     6006,        0,  6,   6
281,    3b7,     e09e,        0,  9e,   6
28b,    3b7,     128b,        2,  8b,   8
28f,    3b7,     3600,        6,  0,   0
291,    3b7,     6005,        0,  5,   5
293,    3b7,     e09e,        0,  9e,   5
2e9,    3b7,     12e9,        2,  e9,   8
2eb,    3b7,     3e00,        e,  0,   f
307,    3b7,     1307,        3,  7,   0
309,    3b7,     f707,        7,  7,   0
30d,    3b7,     3700,        7,  0,   0
30f,    3b7,     fd15,        d,  15,   3c
347,    3b7,     2347,        3,  47,   0
349,    3b7,     a3b7,        3,  b7,   0
34b,    3b7,     f91e,        9,  1e,   0
34d,    3b7,     6108,        1,  8,   8
35f,    3b7,     235f,        3,  5f,   0
361,    3b7,     80e0,        0,  e0,   f
363,    3b7,     8012,        0,  12,   8
365,    3b7,     3000,        0,  0,   8
367,    3b7,     dbc6,        b,  c6,   716
369,    3b7,     7b0c,        b,  c,   722
34f,    3b7,     ee,        0,  ee,   8
351,    3b7,     8106,        1,  6,   4
35f,    3b7,     235f,        3,  5f,   0
361,    3b7,     80e0,        0,  e0,   f
363,    3b7,     8012,        0,  12,   4
365,    3b7,     3000,        0,  0,   4
367,    3b7,     dbc6,        b,  c6,   722
369,    3b7,     7b0c,        b,  c,   72e
353,    3b7,     ee,        0,  ee,   4
355,    3b7,     8106,        1,  6,   2
35f,    3b7,     235f,        3,  5f,   0
361,    3b7,     80e0,        0,  e0,   f
363,    3b7,     8012,        0,  12,   2
365,    3b7,     3000,        0,  0,   2
367,    3b7,     dbc6,        b,  c6,   72e
369,    3b7,     7b0c,        b,  c,   73a
357,    3b7,     ee,        0,  ee,   2
359,    3b7,     8106,        1,  6,   1
35f,    3b7,     235f,        3,  5f,   0
361,    3b7,     80e0,        0,  e0,   f
363,    3b7,     8012,        0,  12,   1
365,    3b7,     3000,        0,  0,   1
367,    3b7,     dbc6,        b,  c6,   73a
369,    3b7,     7b0c,        b,  c,   746
35b,    3b7,     ee,        0,  ee,   1
35d,    3b7,     7bd0,        b,  d0,   816
311,    3b7,     ee,        0,  ee,   1
313,    3b7,     8ba4,        b,  a4,   81a
315,    3b7,     3b12,        b,  12,   81a
31b,    3b7,     131b,        3,  1b,   0
31d,    3b7,     3b02,        b,  2,   81a
323,    3b7,     1323,        3,  23,   0
347,    3b7,     2347,        3,  47,   0
349,    3b7,     a3b7,        3,  b7,   0
34b,    3b7,     f91e,        9,  1e,   0
34d,    3b7,     6108,        1,  8,   8
35f,    3b7,     235f,        3,  5f,   0
361,    3b7,     80e0,        0,  e0,   f
363,    3b7,     8012,        0,  12,   8
365,    3b7,     3000,        0,  0,   8
367,    3b7,     dbc6,        b,  c6,   81a
369,    3b7,     7b0c,        b,  c,   826
34f,    3b7,     ee,        0,  ee,   8
351,    3b7,     8106,        1,  6,   4
35f,    3b7,     235f,        3,  5f,   0
361,    3b7,     80e0,        0,  e0,   f
363,    3b7,     8012,        0,  12,   4
365,    3b7,     3000,        0,  0,   4
367,    3b7,     dbc6,        b,  c6,   826
369,    3b7,     7b0c,        b,  c,   832
353,    3b7,     ee,        0,  ee,   4
355,    3b7,     8106,        1,  6,   2
35f,    3b7,     235f,        3,  5f,   0
361,    3b7,     80e0,        0,  e0,   f
363,    3b7,     8012,        0,  12,   2
365,    3b7,     3000,        0,  0,   2
367,    3b7,     dbc6,        b,  c6,   832
369,    3b7,     7b0c,        b,  c,   83e
357,    3b7,     ee,        0,  ee,   2
359,    3b7,     8106,        1,  6,   1
35f,    3b7,     235f,        3,  5f,   0
361,    3b7,     80e0,        0,  e0,   f
363,    3b7,     8012,        0,  12,   1
365,    3b7,     3000,        0,  0,   1
367,    3b7,     dbc6,        b,  c6,   83e
369,    3b7,     7b0c,        b,  c,   84a
35b,    3b7,     ee,        0,  ee,   1
35d,    3b7,     7bd0,        b,  d0,   91a
325,    3b7,     ee,        0,  ee,   1
327,    3b7,     3c18,        c,  18,   4
26f,    3b7,     126f,        2,  6f,   8
271,    3b7,     6004,        0,  4,   4
273,    3b7,     e09e,        0,  9e,   4
27d,    3b7,     127d,        2,  7d,   8
27f,    3b7,     6006,        0,  6,   6
281,    3b7,     e09e,        0,  9e,   6
28b,    3b7,     128b,        2,  8b,   8
28f,    3b7,     3600,        6,  0,   0
291,    3b7,     6005,        0,  5,   5
293,    3b7,     e09e,        0,  9e,   5
2e9,    3b7,     12e9,        2,  e9,   8
2eb,    3b7,     3e00,        e,  0,   f
307,    3b7,     1307,        3,  7,   0
309,    3b7,     f707,        7,  7,   0
30d,    3b7,     3700,        7,  0,   0
30f,    3b7,     fd15,        d,  15,   3c
347,    3b7,     2347,        3,  47,   0
349,    3b7,     a3b7,        3,  b7,   0
34b,    3b7,     f91e,        9,  1e,   0
34d,    3b7,     6108,        1,  8,   8
35f,    3b7,     235f,        3,  5f,   0
361,    3b7,     80e0,        0,  e0,   f
363,    3b7,     8012,        0,  12,   8
365,    3b7,     3000,        0,  0,   8
367,    3b7,     dbc6,        b,  c6,   91a
369,    3b7,     7b0c,        b,  c,   926
34f,    3b7,     ee,        0,  ee,   8
351,    3b7,     8106,        1,  6,   4
35f,    3b7,     235f,        3,  5f,   0
361,    3b7,     80e0,        0,  e0,   f
363,    3b7,     8012,        0,  12,   4
365,    3b7,     3000,        0,  0,   4
367,    3b7,     dbc6,        b,  c6,   926
369,    3b7,     7b0c,        b,  c,   932
353,    3b7,     ee,        0,  ee,   4
355,    3b7,     8106,        1,  6,   2
35f,    3b7,     235f,        3,  5f,   0
361,    3b7,     80e0,        0,  e0,   f
363,    3b7,     8012,        0,  12,   2
365,    3b7,     3000,        0,  0,   2
367,    3b7,     dbc6,        b,  c6,   932
369,    3b7,     7b0c,        b,  c,   93e
357,    3b7,     ee,        0,  ee,   2
359,    3b7,     8106,        1,  6,   1
35f,    3b7,     235f,        3,  5f,   0
361,    3b7,     80e0,        0,  e0,   f
363,    3b7,     8012,        0,  12,   1
365,    3b7,     3000,        0,  0,   1
367,    3b7,     dbc6,        b,  c6,   93e
369,    3b7,     7b0c,        b,  c,   94a
35b,    3b7,     ee,        0,  ee,   1
35d,    3b7,     7bd0,        b,  d0,   a1a
311,    3b7,     ee,        0,  ee,   1
313,    3b7,     8ba4,        b,  a4,   a1e
315,    3b7,     3b12,        b,  12,   a1e
31b,    3b7,     131b,        3,  1b,   0
31d,    3b7,     3b02,        b,  2,   a1e
323,    3b7,     1323,        3,  23,   0
347,    3b7,     2347,        3,  47,   0
349,    3b7,     a3b7,        3,  b7,   0
34b,    3b7,     f91e,        9,  1e,   0
34d,    3b7,     6108,        1,  8,   8
35f,    3b7,     235f,        3,  5f,   0
361,    3b7,     80e0,        0,  e0,   f
363,    3b7,     8012,        0,  12,   8
365,    3b7,     3000,        0,  0,   8
367,    3b7,     dbc6,        b,  c6,   a1e
369,    3b7,     7b0c,        b,  c,   a2a
34f,    3b7,     ee,        0,  ee,   8
351,    3b7,     8106,        1,  6,   4
35f,    3b7,     235f,        3,  5f,   0
361,    3b7,     80e0,        0,  e0,   f
363,    3b7,     8012,        0,  12,   4
365,    3b7,     3000,        0,  0,   4
367,    3b7,     dbc6,        b,  c6,   a2a
369,    3b7,     7b0c,        b,  c,   a36
353,    3b7,     ee,        0,  ee,   4
355,    3b7,     8106,        1,  6,   2
35f,    3b7,     235f,        3,  5f,   0
361,    3b7,     80e0,        0,  e0,   f
363,    3b7,     8012,        0,  12,   2
365,    3b7,     3000,        0,  0,   2
367,    3b7,     dbc6,        b,  c6,   a36
369,    3b7,     7b0c,        b,  c,   a42
357,    3b7,     ee,        0,  ee,   2
359,    3b7,     8106,        1,  6,   1
35f,    3b7,     235f,        3,  5f,   0
361,    3b7,     80e0,        0,  e0,   f
363,    3b7,     8012,        0,  12,   1
365,    3b7,     3000,        0,  0,   1
367,    3b7,     dbc6,        b,  c6,   a42
369,    3b7,     7b0c,        b,  c,   a4e
35b,    3b7,     ee,        0,  ee,   1
35d,    3b7,     7bd0,        b,  d0,   b1e
325,    3b7,     ee,        0,  ee,   1
327,    3b7,     3c18,        c,  18,   4
26f,    3b7,     126f,        2,  6f,   8
271,    3b7,     6004,        0,  4,   4
273,    3b7,     e09e,        0,  9e,   4
27d,    3b7,     127d,        2,  7d,   8
27f,    3b7,     6006,        0,  6,   6
281,    3b7,     e09e,        0,  9e,   6
28b,    3b7,     128b,        2,  8b,   8
28f,    3b7,     3600,        6,  0,   0
291,    3b7,     6005,        0,  5,   5
293,    3b7,     e09e,        0,  9e,   5
2e9,    3b7,     12e9,        2,  e9,   8
2eb,    3b7,     3e00,        e,  0,   f
307,    3b7,     1307,        3,  7,   0
309,    3b7,     f707,        7,  7,   0
30d,    3b7,     3700,        7,  0,   0
30f,    3b7,     fd15,        d,  15,   3c
347,    3b7,     2347,        3,  47,   0
349,    3b7,     a3b7,        3,  b7,   0
34b,    3b7,     f91e,        9,  1e,   0
34d,    3b7,     6108,        1,  8,   8
35f,    3b7,     235f,        3,  5f,   0
361,    3b7,     80e0,        0,  e0,   f
363,    3b7,     8012,        0,  12,   8
365,    3b7,     3000,        0,  0,   8
367,    3b7,     dbc6,        b,  c6,   b1e
369,    3b7,     7b0c,        b,  c,   b2a
34f,    3b7,     ee,        0,  ee,   8
351,    3b7,     8106,        1,  6,   4
35f,    3b7,     235f,        3,  5f,   0
361,    3b7,     80e0,        0,  e0,   f
363,    3b7,     8012,        0,  12,   4
365,    3b7,     3000,        0,  0,   4
367,    3b7,     dbc6,        b,  c6,   b2a
369,    3b7,     7b0c,        b,  c,   b36
353,    3b7,     ee,        0,  ee,   4
355,    3b7,     8106,        1,  6,   2
35f,    3b7,     235f,        3,  5f,   0
361,    3b7,     80e0,        0,  e0,   f
363,    3b7,     8012,        0,  12,   2
365,    3b7,     3000,        0,  0,   2
367,    3b7,     dbc6,        b,  c6,   b36
369,    3b7,     7b0c,        b,  c,   b42
357,    3b7,     ee,        0,  ee,   2
359,    3b7,     8106,        1,  6,   1
35f,    3b7,     235f,        3,  5f,   0
361,    3b7,     80e0,        0,  e0,   f
363,    3b7,     8012,        0,  12,   1
365,    3b7,     3000,        0,  0,   1
367,    3b7,     dbc6,        b,  c6,   b42
369,    3b7,     7b0c,        b,  c,   b4e
35b,    3b7,     ee,        0,  ee,   1
35d,    3b7,     7bd0,        b,  d0,   c1e
311,    3b7,     ee,        0,  ee,   1
313,    3b7,     8ba4,        b,  a4,   c22
315,    3b7,     3b12,        b,  12,   c22
31b,    3b7,     131b,        3,  1b,   0
31d,    3b7,     3b02,        b,  2,   c22
323,    3b7,     1323,        3,  23,   0
347,    3b7,     2347,        3,  47,   0
349,    3b7,     a3b7,        3,  b7,   0
34b,    3b7,     f91e,        9,  1e,   0
34d,    3b7,     6108,        1,  8,   8
35f,    3b7,     235f,        3,  5f,   0
361,    3b7,     80e0,        0,  e0,   f
363,    3b7,     8012,        0,  12,   8
365,    3b7,     3000,        0,  0,   8
367,    3b7,     dbc6,        b,  c6,   c22
369,    3b7,     7b0c,        b,  c,   c2e
34f,    3b7,     ee,        0,  ee,   8
351,    3b7,     8106,        1,  6,   4
35f,    3b7,     235f,        3,  5f,   0
361,    3b7,     80e0,        0,  e0,   f
363,    3b7,     8012,        0,  12,   4
365,    3b7,     3000,        0,  0,   4
367,    3b7,     dbc6,        b,  c6,   c2e
369,    3b7,     7b0c,        b,  c,   c3a
353,    3b7,     ee,        0,  ee,   4
355,    3b7,     8106,        1,  6,   2
35f,    3b7,     235f,        3,  5f,   0
361,    3b7,     80e0,        0,  e0,   f
363,    3b7,     8012,        0,  12,   2
365,    3b7,     3000,        0,  0,   2
367,    3b7,     dbc6,        b,  c6,   c3a
369,    3b7,     7b0c,        b,  c,   c46
357,    3b7,     ee,        0,  ee,   2
359,    3b7,     8106,        1,  6,   1
35f,    3b7,     235f,        3,  5f,   0
361,    3b7,     80e0,        0,  e0,   f
363,    3b7,     8012,        0,  12,   1
365,    3b7,     3000,        0,  0,   1
367,    3b7,     dbc6,        b,  c6,   c46
369,    3b7,     7b0c,        b,  c,   c52
35b,    3b7,     ee,        0,  ee,   1
35d,    3b7,     7bd0,        b,  d0,   d22
325,    3b7,     ee,        0,  ee,   1
327,    3b7,     3c18,        c,  18,   4
26f,    3b7,     126f,        2,  6f,   8
271,    3b7,     6004,        0,  4,   4
273,    3b7,     e09e,        0,  9e,   4
27d,    3b7,     127d,        2,  7d,   8
27f,    3b7,     6006,        0,  6,   6
281,    3b7,     e09e,        0,  9e,   6
28b,    3b7,     128b,        2,  8b,   8
28f,    3b7,     3600,        6,  0,   0
291,    3b7,     6005,        0,  5,   5
293,    3b7,     e09e,        0,  9e,   5
2e9,    3b7,     12e9,        2,  e9,   8
2eb,    3b7,     3e00,        e,  0,   f
307,    3b7,     1307,        3,  7,   0
309,    3b7,     f707,        7,  7,   0
30d,    3b7,     3700,        7,  0,   0
30f,    3b7,     fd15,        d,  15,   3c
347,    3b7,     2347,        3,  47,   0
349,    3b7,     a3b7,        3,  b7,   0
34b,    3b7,     f91e,        9,  1e,   0
34d,    3b7,     6108,        1,  8,   8
35f,    3b7,     235f,        3,  5f,   0
361,    3b7,     80e0,        0,  e0,   f
363,    3b7,     8012,        0,  12,   8
365,    3b7,     3000,        0,  0,   8
367,    3b7,     dbc6,        b,  c6,   d22
369,    3b7,     7b0c,        b,  c,   d2e
34f,    3b7,     ee,        0,  ee,   8
351,    3b7,     8106,        1,  6,   4
35f,    3b7,     235f,        3,  5f,   0
361,    3b7,     80e0,        0,  e0,   f
363,    3b7,     8012,        0,  12,   4
365,    3b7,     3000,        0,  0,   4
367,    3b7,     dbc6,        b,  c6,   d2e
369,    3b7,     7b0c,        b,  c,   d3a
353,    3b7,     ee,        0,  ee,   4
355,    3b7,     8106,        1,  6,   2
35f,    3b7,     235f,        3,  5f,   0
361,    3b7,     80e0,        0,  e0,   f
363,    3b7,     8012,        0,  12,   2
365,    3b7,     3000,        0,  0,   2
367,    3b7,     dbc6,        b,  c6,   d3a
369,    3b7,     7b0c,        b,  c,   d46
357,    3b7,     ee,        0,  ee,   2
359,    3b7,     8106,        1,  6,   1
35f,    3b7,     235f,        3,  5f,   0
361,    3b7,     80e0,        0,  e0,   f
363,    3b7,     8012,        0,  12,   1
365,    3b7,     3000,        0,  0,   1
367,    3b7,     dbc6,        b,  c6,   d46
369,    3b7,     7b0c,        b,  c,   d52
35b,    3b7,     ee,        0,  ee,   1
35d,    3b7,     7bd0,        b,  d0,   e22
311,    3b7,     ee,        0,  ee,   1
313,    3b7,     8ba4,        b,  a4,   e26
315,    3b7,     3b12,        b,  12,   e26
31b,    3b7,     131b,        3,  1b,   0
31d,    3b7,     3b02,        b,  2,   e26
323,    3b7,     1323,        3,  23,   0
347,    3b7,     2347,        3,  47,   0
349,    3b7,     a3b7,        3,  b7,   0
34b,    3b7,     f91e,        9,  1e,   0
34d,    3b7,     6108,        1,  8,   8
35f,    3b7,     235f,        3,  5f,   0
361,    3b7,     80e0,        0,  e0,   f
363,    3b7,     8012,        0,  12,   8
365,    3b7,     3000,        0,  0,   8
367,    3b7,     dbc6,        b,  c6,   e26
369,    3b7,     7b0c,        b,  c,   e32
34f,    3b7,     ee,        0,  ee,   8
351,    3b7,     8106,        1,  6,   4
35f,    3b7,     235f,        3,  5f,   0
361,    3b7,     80e0,        0,  e0,   f
363,    3b7,     8012,        0,  12,   4
365,    3b7,     3000,        0,  0,   4
367,    3b7,     dbc6,        b,  c6,   e32
369,    3b7,     7b0c,        b,  c,   e3e
353,    3b7,     ee,        0,  ee,   4
355,    3b7,     8106,        1,  6,   2
35f,    3b7,     235f,        3,  5f,   0
361,    3b7,     80e0,        0,  e0,   f
363,    3b7,     8012,        0,  12,   2
365,    3b7,     3000,        0,  0,   2
367,    3b7,     dbc6,        b,  c6,   e3e
369,    3b7,     7b0c,        b,  c,   e4a
357,    3b7,     ee,        0,  ee,   2
359,    3b7,     8106,        1,  6,   1
35f,    3b7,     235f,        3,  5f,   0
361,    3b7,     80e0,        0,  e0,   f
363,    3b7,     8012,        0,  12,   1
365,    3b7,     3000,        0,  0,   1
367,    3b7,     dbc6,        b,  c6,   e4a
369,    3b7,     7b0c,        b,  c,   e56
35b,    3b7,     ee,        0,  ee,   1
35d,    3b7,     7bd0,        b,  d0,   f26
325,    3b7,     ee,        0,  ee,   1
327,    3b7,     3c18,        c,  18,   4
26f,    3b7,     126f,        2,  6f,   8
271,    3b7,     6004,        0,  4,   4
273,    3b7,     e09e,        0,  9e,   4
27d,    3b7,     127d,        2,  7d,   8
27f,    3b7,     6006,        0,  6,   6
281,    3b7,     e09e,        0,  9e,   6
28b,    3b7,     128b,        2,  8b,   8
28f,    3b7,     3600,        6,  0,   0
291,    3b7,     6005,        0,  5,   5
293,    3b7,     e09e,        0,  9e,   5
2e9,    3b7,     12e9,        2,  e9,   8
2eb,    3b7,     3e00,        e,  0,   f
307,    3b7,     1307,        3,  7,   0
309,    3b7,     f707,        7,  7,   0
30d,    3b7,     3700,        7,  0,   0
30f,    3b7,     fd15,        d,  15,   3c
347,    3b7,     2347,        3,  47,   0
349,    3b7,     a3b7,        3,  b7,   0
34b,    3b7,     f91e,        9,  1e,   0
34d,    3b7,     6108,        1,  8,   8
35f,    3b7,     235f,        3,  5f,   0
361,    3b7,     80e0,        0,  e0,   f
363,    3b7,     8012,        0,  12,   8
365,    3b7,     3000,        0,  0,   8
367,    3b7,     dbc6,        b,  c6,   f26
369,    3b7,     7b0c,        b,  c,   f32
34f,    3b7,     ee,        0,  ee,   8
351,    3b7,     8106,        1,  6,   4
35f,    3b7,     235f,        3,  5f,   0
361,    3b7,     80e0,        0,  e0,   f
363,    3b7,     8012,        0,  12,   4
365,    3b7,     3000,        0,  0,   4
367,    3b7,     dbc6,        b,  c6,   f32
369,    3b7,     7b0c,        b,  c,   f3e
353,    3b7,     ee,        0,  ee,   4
355,    3b7,     8106,        1,  6,   2
35f,    3b7,     235f,        3,  5f,   0
361,    3b7,     80e0,        0,  e0,   f
363,    3b7,     8012,        0,  12,   2
365,    3b7,     3000,        0,  0,   2
367,    3b7,     dbc6,        b,  c6,   f3e
369,    3b7,     7b0c,        b,  c,   f4a
357,    3b7,     ee,        0,  ee,   2
359,    3b7,     8106,        1,  6,   1
35f,    3b7,     235f,        3,  5f,   0
361,    3b7,     80e0,        0,  e0,   f
363,    3b7,     8012,        0,  12,   1
365,    3b7,     3000,        0,  0,   1
367,    3b7,     dbc6,        b,  c6,   f4a
369,    3b7,     7b0c,        b,  c,   f56
35b,    3b7,     ee,        0,  ee,   1
35d,    3b7,     7bd0,        b,  d0,   1026
311,    3b7,     ee,        0,  ee,   1
313,    3b7,     8ba4,        b,  a4,   102a
315,    3b7,     3b12,        b,  12,   102a
31b,    3b7,     131b,        3,  1b,   0
31d,    3b7,     3b02,        b,  2,   102a
323,    3b7,     1323,        3,  23,   0
347,    3b7,     2347,        3,  47,   0
349,    3b7,     a3b7,        3,  b7,   0
34b,    3b7,     f91e,        9,  1e,   0
34d,    3b7,     6108,        1,  8,   8
35f,    3b7,     235f,        3,  5f,   0
361,    3b7,     80e0,        0,  e0,   f
363,    3b7,     8012,        0,  12,   8
365,    3b7,     3000,        0,  0,   8
367,    3b7,     dbc6,        b,  c6,   102a
369,    3b7,     7b0c,        b,  c,   1036
34f,    3b7,     ee,        0,  ee,   8
351,    3b7,     8106,        1,  6,   4
35f,    3b7,     235f,        3,  5f,   0
361,    3b7,     80e0,        0,  e0,   f
363,    3b7,     8012,        0,  12,   4
365,    3b7,     3000,        0,  0,   4
367,    3b7,     dbc6,        b,  c6,   1036
369,    3b7,     7b0c,        b,  c,   1042
353,    3b7,     ee,        0,  ee,   4
355,    3b7,     8106,        1,  6,   2
35f,    3b7,     235f,        3,  5f,   0
361,    3b7,     80e0,        0,  e0,   f
363,    3b7,     8012,        0,  12,   2
365,    3b7,     3000,        0,  0,   2
367,    3b7,     dbc6,        b,  c6,   1042
369,    3b7,     7b0c,        b,  c,   104e
357,    3b7,     ee,        0,  ee,   2
359,    3b7,     8106,        1,  6,   1
35f,    3b7,     235f,        3,  5f,   0
361,    3b7,     80e0,        0,  e0,   f
363,    3b7,     8012,        0,  12,   1
365,    3b7,     3000,        0,  0,   1
367,    3b7,     dbc6,        b,  c6,   104e
369,    3b7,     7b0c,        b,  c,   105a
35b,    3b7,     ee,        0,  ee,   1
35d,    3b7,     7bd0,        b,  d0,   112a
325,    3b7,     ee,        0,  ee,   1
327,    3b7,     3c18,        c,  18,   4
26f,    3b7,     126f,        2,  6f,   8
271,    3b7,     6004,        0,  4,   4
273,    3b7,     e09e,        0,  9e,   4
27d,    3b7,     127d,        2,  7d,   8
27f,    3b7,     6006,        0,  6,   6
281,    3b7,     e09e,        0,  9e,   6
28b,    3b7,     128b,        2,  8b,   8
28f,    3b7,     3600,        6,  0,   0
291,    3b7,     6005,        0,  5,   5
293,    3b7,     e09e,        0,  9e,   5
2e9,    3b7,     12e9,        2,  e9,   8
2eb,    3b7,     3e00,        e,  0,   f
307,    3b7,     1307,        3,  7,   0
309,    3b7,     f707,        7,  7,   0
30d,    3b7,     3700,        7,  0,   0
30f,    3b7,     fd15,        d,  15,   3c
347,    3b7,     2347,        3,  47,   0
349,    3b7,     a3b7,        3,  b7,   0
34b,    3b7,     f91e,        9,  1e,   0
34d,    3b7,     6108,        1,  8,   8
35f,    3b7,     235f,        3,  5f,   0
361,    3b7,     80e0,        0,  e0,   f
363,    3b7,     8012,        0,  12,   8
365,    3b7,     3000,        0,  0,   8
367,    3b7,     dbc6,        b,  c6,   112a
369,    3b7,     7b0c,        b,  c,   1136
34f,    3b7,     ee,        0,  ee,   8
351,    3b7,     8106,        1,  6,   4
35f,    3b7,     235f,        3,  5f,   0
361,    3b7,     80e0,        0,  e0,   f
363,    3b7,     8012,        0,  12,   4
365,    3b7,     3000,        0,  0,   4
367,    3b7,     dbc6,        b,  c6,   1136
369,    3b7,     7b0c,        b,  c,   1142
353,    3b7,     ee,        0,  ee,   4
355,    3b7,     8106,        1,  6,   2
35f,    3b7,     235f,        3,  5f,   0
361,    3b7,     80e0,        0,  e0,   f
363,    3b7,     8012,        0,  12,   2
365,    3b7,     3000,        0,  0,   2
367,    3b7,     dbc6,        b,  c6,   1142
369,    3b7,     7b0c,        b,  c,   114e
357,    3b7,     ee,        0,  ee,   2
359,    3b7,     8106,        1,  6,   1
35f,    3b7,     235f,        3,  5f,   0
361,    3b7,     80e0,        0,  e0,   f
363,    3b7,     8012,        0,  12,   1
365,    3b7,     3000,        0,  0,   1
367,    3b7,     dbc6,        b,  c6,   114e
369,    3b7,     7b0c,        b,  c,   115a
35b,    3b7,     ee,        0,  ee,   1
35d,    3b7,     7bd0,        b,  d0,   122a
311,    3b7,     ee,        0,  ee,   1
313,    3b7,     8ba4,        b,  a4,   122e
315,    3b7,     3b12,        b,  12,   122e
31b,    3b7,     131b,        3,  1b,   0
31d,    3b7,     3b02,        b,  2,   122e
323,    3b7,     1323,        3,  23,   0
347,    3b7,     2347,        3,  47,   0
349,    3b7,     a3b7,        3,  b7,   0
34b,    3b7,     f91e,        9,  1e,   0
34d,    3b7,     6108,        1,  8,   8
35f,    3b7,     235f,        3,  5f,   0
361,    3b7,     80e0,        0,  e0,   f
363,    3b7,     8012,        0,  12,   8
365,    3b7,     3000,        0,  0,   8
367,    3b7,     dbc6,        b,  c6,   122e
369,    3b7,     7b0c,        b,  c,   123a
34f,    3b7,     ee,        0,  ee,   8
351,    3b7,     8106,        1,  6,   4
35f,    3b7,     235f,        3,  5f,   0
361,    3b7,     80e0,        0,  e0,   f
363,    3b7,     8012,        0,  12,   4
365,    3b7,     3000,        0,  0,   4
367,    3b7,     dbc6,        b,  c6,   123a
369,    3b7,     7b0c,        b,  c,   1246
353,    3b7,     ee,        0,  ee,   4
355,    3b7,     8106,        1,  6,   2
35f,    3b7,     235f,        3,  5f,   0
361,    3b7,     80e0,        0,  e0,   f
363,    3b7,     8012,        0,  12,   2
365,    3b7,     3000,        0,  0,   2
367,    3b7,     dbc6,        b,  c6,   1246
369,    3b7,     7b0c,        b,  c,   1252
357,    3b7,     ee,        0,  ee,   2
359,    3b7,     8106,        1,  6,   1
35f,    3b7,     235f,        3,  5f,   0
361,    3b7,     80e0,        0,  e0,   f
363,    3b7,     8012,        0,  12,   1
365,    3b7,     3000,        0,  0,   1
367,    3b7,     dbc6,        b,  c6,   1252
369,    3b7,     7b0c,        b,  c,   125e
35b,    3b7,     ee,        0,  ee,   1
35d,    3b7,     7bd0,        b,  d0,   132e
325,    3b7,     ee,        0,  ee,   1
327,    3b7,     3c18,        c,  18,   4
26f,    3b7,     126f,        2,  6f,   8
271,    3b7,     6004,        0,  4,   4
273,    3b7,     e09e,        0,  9e,   4
27d,    3b7,     127d,        2,  7d,   8
27f,    3b7,     6006,        0,  6,   6
281,    3b7,     e09e,        0,  9e,   6
28b,    3b7,     128b,        2,  8b,   8
28f,    3b7,     3600,        6,  0,   0
291,    3b7,     6005,        0,  5,   5
293,    3b7,     e09e,        0,  9e,   5
2e9,    3b7,     12e9,        2,  e9,   8
2eb,    3b7,     3e00,        e,  0,   f
307,    3b7,     1307,        3,  7,   0
309,    3b7,     f707,        7,  7,   0
30d,    3b7,     3700,        7,  0,   0
30f,    3b7,     fd15,        d,  15,   3c
347,    3b7,     2347,        3,  47,   0
349,    3b7,     a3b7,        3,  b7,   0
34b,    3b7,     f91e,        9,  1e,   0
34d,    3b7,     6108,        1,  8,   8
35f,    3b7,     235f,        3,  5f,   0
361,    3b7,     80e0,        0,  e0,   f
363,    3b7,     8012,        0,  12,   8
365,    3b7,     3000,        0,  0,   8
367,    3b7,     dbc6,        b,  c6,   132e
369,    3b7,     7b0c,        b,  c,   133a
34f,    3b7,     ee,        0,  ee,   8
351,    3b7,     8106,        1,  6,   4
35f,    3b7,     235f,        3,  5f,   0
361,    3b7,     80e0,        0,  e0,   f
363,    3b7,     8012,        0,  12,   4
365,    3b7,     3000,        0,  0,   4
367,    3b7,     dbc6,        b,  c6,   133a
369,    3b7,     7b0c,        b,  c,   1346
353,    3b7,     ee,        0,  ee,   4
355,    3b7,     8106,        1,  6,   2
35f,    3b7,     235f,        3,  5f,   0
361,    3b7,     80e0,        0,  e0,   f
363,    3b7,     8012,        0,  12,   2
365,    3b7,     3000,        0,  0,   2
367,    3b7,     dbc6,        b,  c6,   1346
369,    3b7,     7b0c,        b,  c,   1352
357,    3b7,     ee,        0,  ee,   2
359,    3b7,     8106,        1,  6,   1
35f,    3b7,     235f,        3,  5f,   0
361,    3b7,     80e0,        0,  e0,   f
363,    3b7,     8012,        0,  12,   1
365,    3b7,     3000,        0,  0,   1
367,    3b7,     dbc6,        b,  c6,   1352
369,    3b7,     7b0c,        b,  c,   135e
35b,    3b7,     ee,        0,  ee,   1
35d,    3b7,     7bd0,        b,  d0,   142e
311,    3b7,     ee,        0,  ee,   1
313,    3b7,     8ba4,        b,  a4,   1432
315,    3b7,     3b12,        b,  12,   1432
31b,    3b7,     131b,        3,  1b,   0
31d,    3b7,     3b02,        b,  2,   1432
323,    3b7,     1323,        3,  23,   0
347,    3b7,     2347,        3,  47,   0
349,    3b7,     a3b7,        3,  b7,   0
34b,    3b7,     f91e,        9,  1e,   0
34d,    3b7,     6108,        1,  8,   8
35f,    3b7,     235f,        3,  5f,   0
361,    3b7,     80e0,        0,  e0,   f
363,    3b7,     8012,        0,  12,   8
365,    3b7,     3000,        0,  0,   8
367,    3b7,     dbc6,        b,  c6,   1432
369,    3b7,     7b0c,        b,  c,   143e
34f,    3b7,     ee,        0,  ee,   8
351,    3b7,     8106,        1,  6,   4
35f,    3b7,     235f,        3,  5f,   0
361,    3b7,     80e0,        0,  e0,   f
363,    3b7,     8012,        0,  12,   4
365,    3b7,     3000,        0,  0,   4
367,    3b7,     dbc6,        b,  c6,   143e
369,    3b7,     7b0c,        b,  c,   144a
353,    3b7,     ee,        0,  ee,   4
355,    3b7,     8106,        1,  6,   2
35f,    3b7,     235f,        3,  5f,   0
361,    3b7,     80e0,        0,  e0,   f
363,    3b7,     8012,        0,  12,   2
365,    3b7,     3000,        0,  0,   2
367,    3b7,     dbc6,        b,  c6,   144a
369,    3b7,     7b0c,        b,  c,   1456
357,    3b7,     ee,        0,  ee,   2
359,    3b7,     8106,        1,  6,   1
35f,    3b7,     235f,        3,  5f,   0
361,    3b7,     80e0,        0,  e0,   f
363,    3b7,     8012,        0,  12,   1
365,    3b7,     3000,        0,  0,   1
367,    3b7,     dbc6,        b,  c6,   1456
369,    3b7,     7b0c,        b,  c,   1462
35b,    3b7,     ee,        0,  ee,   1
35d,    3b7,     7bd0,        b,  d0,   1532
325,    3b7,     ee,        0,  ee,   1
327,    3b7,     3c18,        c,  18,   4
26f,    3b7,     126f,        2,  6f,   8
271,    3b7,     6004,        0,  4,   4
273,    3b7,     e09e,        0,  9e,   4
27d,    3b7,     127d,        2,  7d,   8
27f,    3b7,     6006,        0,  6,   6
281,    3b7,     e09e,        0,  9e,   6
28b,    3b7,     128b,        2,  8b,   8
28f,    3b7,     3600,        6,  0,   0
291,    3b7,     6005,        0,  5,   5
293,    3b7,     e09e,        0,  9e,   5
2e9,    3b7,     12e9,        2,  e9,   8
2eb,    3b7,     3e00,        e,  0,   f
307,    3b7,     1307,        3,  7,   0
309,    3b7,     f707,        7,  7,   0
30d,    3b7,     3700,        7,  0,   0
30f,    3b7,     fd15,        d,  15,   3c
347,    3b7,     2347,        3,  47,   0
349,    3b7,     a3b7,        3,  b7,   0
34b,    3b7,     f91e,        9,  1e,   0
34d,    3b7,     6108,        1,  8,   8
35f,    3b7,     235f,        3,  5f,   0
361,    3b7,     80e0,        0,  e0,   f
363,    3b7,     8012,        0,  12,   8
365,    3b7,     3000,        0,  0,   8
367,    3b7,     dbc6,        b,  c6,   1532
369,    3b7,     7b0c,        b,  c,   153e
34f,    3b7,     ee,        0,  ee,   8
351,    3b7,     8106,        1,  6,   4
35f,    3b7,     235f,        3,  5f,   0
361,    3b7,     80e0,        0,  e0,   f
363,    3b7,     8012,        0,  12,   4
365,    3b7,     3000,        0,  0,   4
367,    3b7,     dbc6,        b,  c6,   153e
369,    3b7,     7b0c,        b,  c,   154a
353,    3b7,     ee,        0,  ee,   4
355,    3b7,     8106,        1,  6,   2
35f,    3b7,     235f,        3,  5f,   0
361,    3b7,     80e0,        0,  e0,   f
363,    3b7,     8012,        0,  12,   2
365,    3b7,     3000,        0,  0,   2
367,    3b7,     dbc6,        b,  c6,   154a
369,    3b7,     7b0c,        b,  c,   1556
357,    3b7,     ee,        0,  ee,   2
359,    3b7,     8106,        1,  6,   1
35f,    3b7,     235f,        3,  5f,   0
361,    3b7,     80e0,        0,  e0,   f
363,    3b7,     8012,        0,  12,   1
365,    3b7,     3000,        0,  0,   1
367,    3b7,     dbc6,        b,  c6,   1556
369,    3b7,     7b0c,        b,  c,   1562
35b,    3b7,     ee,        0,  ee,   1
35d,    3b7,     7bd0,        b,  d0,   1632
311,    3b7,     ee,        0,  ee,   1
313,    3b7,     8ba4,        b,  a4,   1636
315,    3b7,     3b12,        b,  12,   1636
31b,    3b7,     131b,        3,  1b,   0
31d,    3b7,     3b02,        b,  2,   1636
323,    3b7,     1323,        3,  23,   0
347,    3b7,     2347,        3,  47,   0
349,    3b7,     a3b7,        3,  b7,   0
34b,    3b7,     f91e,        9,  1e,   0
34d,    3b7,     6108,        1,  8,   8
35f,    3b7,     235f,        3,  5f,   0
361,    3b7,     80e0,        0,  e0,   f
363,    3b7,     8012,        0,  12,   8
365,    3b7,     3000,        0,  0,   8
367,    3b7,     dbc6,        b,  c6,   1636
369,    3b7,     7b0c,        b,  c,   1642
34f,    3b7,     ee,        0,  ee,   8
351,    3b7,     8106,        1,  6,   4
35f,    3b7,     235f,        3,  5f,   0
361,    3b7,     80e0,        0,  e0,   f
363,    3b7,     8012,        0,  12,   4
365,    3b7,     3000,        0,  0,   4
367,    3b7,     dbc6,        b,  c6,   1642
369,    3b7,     7b0c,        b,  c,   164e
353,    3b7,     ee,        0,  ee,   4
355,    3b7,     8106,        1,  6,   2
35f,    3b7,     235f,        3,  5f,   0
361,    3b7,     80e0,        0,  e0,   f
363,    3b7,     8012,        0,  12,   2
365,    3b7,     3000,        0,  0,   2
367,    3b7,     dbc6,        b,  c6,   164e
369,    3b7,     7b0c,        b,  c,   165a
357,    3b7,     ee,        0,  ee,   2
359,    3b7,     8106,        1,  6,   1
35f,    3b7,     235f,        3,  5f,   0
361,    3b7,     80e0,        0,  e0,   f
363,    3b7,     8012,        0,  12,   1
365,    3b7,     3000,        0,  0,   1
367,    3b7,     dbc6,        b,  c6,   165a
369,    3b7,     7b0c,        b,  c,   1666
35b,    3b7,     ee,        0,  ee,   1
35d,    3b7,     7bd0,        b,  d0,   1736
325,    3b7,     ee,        0,  ee,   1
327,    3b7,     3c18,        c,  18,   4
26f,    3b7,     126f,        2,  6f,   8
271,    3b7,     6004,        0,  4,   4
273,    3b7,     e09e,        0,  9e,   4
27d,    3b7,     127d,        2,  7d,   8
27f,    3b7,     6006,        0,  6,   6
281,    3b7,     e09e,        0,  9e,   6
28b,    3b7,     128b,        2,  8b,   8
28f,    3b7,     3600,        6,  0,   0
291,    3b7,     6005,        0,  5,   5
293,    3b7,     e09e,        0,  9e,   5
2e9,    3b7,     12e9,        2,  e9,   8
2eb,    3b7,     3e00,        e,  0,   f
307,    3b7,     1307,        3,  7,   0
309,    3b7,     f707,        7,  7,   0
30d,    3b7,     3700,        7,  0,   0
30f,    3b7,     fd15,        d,  15,   3c
347,    3b7,     2347,        3,  47,   0
349,    3b7,     a3b7,        3,  b7,   0
34b,    3b7,     f91e,        9,  1e,   0
34d,    3b7,     6108,        1,  8,   8
35f,    3b7,     235f,        3,  5f,   0
361,    3b7,     80e0,        0,  e0,   f
363,    3b7,     8012,        0,  12,   8
365,    3b7,     3000,        0,  0,   8
